2025-09-05 17:18:58 | ERROR | Kafka broker is not ready. Please check your Kafka setup. Exiting...
2025-09-05 17:29:11 | INFO | Logging to file: logs/project_log.log
2025-09-05 17:29:11 | INFO | Log sanitization enabled, personal info will be removed
2025-09-05 17:29:11 | INFO | START kafka_producer_pokemon
2025-09-05 17:29:11 | INFO | Kafka broker address: localhost:9092
2025-09-05 17:29:12 | ERROR | Error checking Kafka: UnrecognizedBrokerVersion
2025-09-05 17:29:12 | ERROR | Kafka broker is not ready. Please check your Kafka setup. Exiting...
2025-09-05 17:29:33 | INFO | Logging to file: logs/project_log.log
2025-09-05 17:29:33 | INFO | Log sanitization enabled, personal info will be removed
2025-09-05 17:29:33 | INFO | START kafka_producer_pokemon
2025-09-05 17:29:33 | INFO | Kafka broker address: localhost:9092
2025-09-05 17:29:34 | ERROR | Error checking Kafka: UnrecognizedBrokerVersion
2025-09-05 17:29:34 | ERROR | Kafka broker is not ready. Please check your Kafka setup. Exiting...
2025-09-05 17:30:13 | INFO | Logging to file: logs/project_log.log
2025-09-05 17:30:13 | INFO | Log sanitization enabled, personal info will be removed
2025-09-05 17:30:13 | INFO | START kafka_producer_pokemon
2025-09-05 17:30:13 | INFO | Kafka broker address: localhost:9092
2025-09-05 17:30:14 | ERROR | Error checking Kafka: UnrecognizedBrokerVersion
2025-09-05 17:30:14 | ERROR | Kafka broker is not ready. Please check your Kafka setup. Exiting...
2025-09-05 17:33:41 | INFO | Logging to file: logs/project_log.log
2025-09-05 17:33:41 | INFO | Log sanitization enabled, personal info will be removed
2025-09-05 17:33:41 | INFO | START kafka_producer_pokemon
2025-09-05 17:33:41 | INFO | Kafka broker address: localhost:9092
2025-09-05 17:33:41 | INFO | Kafka API version override: (3, 5, 0)
2025-09-05 17:33:42 | ERROR | Error checking Kafka: UnrecognizedBrokerVersion
2025-09-05 17:33:42 | ERROR | Kafka broker is not ready. Please check your Kafka setup. Exiting...
2025-09-05 17:36:23 | INFO | Logging to file: logs/project_log.log
2025-09-05 17:36:23 | INFO | Log sanitization enabled, personal info will be removed
2025-09-05 17:36:23 | INFO | START kafka_producer_pokemon
2025-09-05 17:36:23 | INFO | Kafka broker address: localhost:9092
2025-09-05 17:36:23 | INFO | Kafka API version override: (3, 5, 0)
2025-09-05 17:36:23 | ERROR | Error checking Kafka: UnrecognizedBrokerVersion
2025-09-05 17:36:23 | ERROR | Kafka broker is not ready. Please check your Kafka setup. Exiting...
2025-09-05 17:36:24 | INFO | Logging to file: logs/project_log.log
2025-09-05 17:36:24 | INFO | Log sanitization enabled, personal info will be removed
2025-09-05 17:36:24 | INFO | START kafka_consumer_pokemon
2025-09-05 17:36:24 | INFO | [CONSUMER] Kafka topic: pokemon_battles
2025-09-05 17:36:24 | INFO | [CONSUMER] Group ID: pokemon_group
2025-09-05 17:36:24 | INFO | Kafka broker address: localhost:9092
2025-09-05 17:36:24 | INFO | Kafka API version override: (3, 5, 0)
2025-09-05 17:36:24 | INFO | Creating Kafka consumer. Topic='pokemon_battles' and group ID='pokemon_group'.
2025-09-05 17:36:24 | INFO | Kafka consumer created successfully.
2025-09-05 17:36:24 | INFO | [CONSUMER] Polling topic 'pokemon_battles'...
2025-09-05 17:38:33 | WARNING | Consumer interrupted by user.
2025-09-05 17:38:33 | INFO | END kafka_consumer_pokemon
2025-09-05 17:38:47 | INFO | Logging to file: logs/project_log.log
2025-09-05 17:38:47 | INFO | Log sanitization enabled, personal info will be removed
2025-09-05 17:38:47 | INFO | START kafka_producer_pokemon
2025-09-05 17:38:47 | INFO | Kafka broker address: localhost:9092
2025-09-05 17:38:47 | INFO | Kafka API version override: (3, 5, 0)
2025-09-05 17:38:47 | ERROR | Error checking Kafka: UnrecognizedBrokerVersion
2025-09-05 17:38:47 | ERROR | Kafka broker is not ready. Please check your Kafka setup. Exiting...
2025-09-05 17:38:48 | INFO | Logging to file: logs/project_log.log
2025-09-05 17:38:48 | INFO | Log sanitization enabled, personal info will be removed
2025-09-05 17:38:48 | INFO | START kafka_consumer_pokemon
2025-09-05 17:38:48 | INFO | [CONSUMER] Kafka topic: pokemon_battles
2025-09-05 17:38:48 | INFO | [CONSUMER] Group ID: pokemon_group
2025-09-05 17:38:48 | INFO | Kafka broker address: localhost:9092
2025-09-05 17:38:48 | INFO | Kafka API version override: (3, 5, 0)
2025-09-05 17:38:48 | INFO | Creating Kafka consumer. Topic='pokemon_battles' and group ID='pokemon_group'.
2025-09-05 17:38:48 | INFO | Kafka consumer created successfully.
2025-09-05 17:38:48 | INFO | [CONSUMER] Polling topic 'pokemon_battles'...
2025-09-05 17:39:59 | WARNING | Consumer interrupted by user.
2025-09-05 17:39:59 | INFO | END kafka_consumer_pokemon
2025-09-05 17:43:25 | INFO | Logging to file: logs/project_log.log
2025-09-05 17:43:25 | INFO | Log sanitization enabled, personal info will be removed
2025-09-05 17:43:25 | INFO | START kafka_producer_pokemon
2025-09-05 17:43:25 | INFO | Kafka broker address: localhost:9092
2025-09-05 17:43:25 | INFO | Kafka API version override: (3, 5, 0)
2025-09-05 17:43:25 | WARNING | Kafka not ready (attempt 1/5); retrying...
2025-09-05 17:43:26 | WARNING | Kafka not ready (attempt 2/5); retrying...
2025-09-05 17:43:27 | WARNING | Kafka not ready (attempt 3/5); retrying...
2025-09-05 17:43:28 | WARNING | Kafka not ready (attempt 4/5); retrying...
2025-09-05 17:43:29 | WARNING | Kafka not ready (attempt 5/5); retrying...
2025-09-05 17:43:30 | ERROR | Kafka not reachable after retries.
2025-09-05 17:43:30 | ERROR | Kafka broker is not ready. Please check your Kafka setup. Exiting...
2025-09-05 17:43:31 | INFO | Logging to file: logs/project_log.log
2025-09-05 17:43:31 | INFO | Log sanitization enabled, personal info will be removed
2025-09-05 17:43:31 | INFO | START kafka_consumer_pokemon
2025-09-05 17:43:31 | INFO | [CONSUMER] Kafka topic: pokemon_battles
2025-09-05 17:43:31 | INFO | [CONSUMER] Group ID: pokemon_group
2025-09-05 17:43:31 | INFO | Kafka broker address: localhost:9092
2025-09-05 17:43:31 | INFO | Kafka API version override: (3, 5, 0)
2025-09-05 17:43:31 | INFO | Creating Kafka consumer. Topic='pokemon_battles' and group ID='pokemon_group'.
2025-09-05 17:43:31 | INFO | Kafka consumer created successfully.
2025-09-05 17:43:31 | INFO | [CONSUMER] Polling topic 'pokemon_battles'...
2025-09-05 17:45:28 | WARNING | Consumer interrupted by user.
2025-09-05 17:45:28 | INFO | END kafka_consumer_pokemon
2025-09-05 17:45:31 | INFO | Logging to file: logs/project_log.log
2025-09-05 17:45:31 | INFO | Log sanitization enabled, personal info will be removed
2025-09-05 17:45:31 | INFO | START kafka_producer_pokemon
2025-09-05 17:45:31 | INFO | Kafka broker address: localhost:9092
2025-09-05 17:45:31 | INFO | Kafka API version override: (3, 5, 0)
2025-09-05 17:45:31 | WARNING | Kafka not ready (attempt 1/5); retrying...
2025-09-05 17:45:32 | WARNING | Kafka not ready (attempt 2/5); retrying...
2025-09-05 17:45:33 | WARNING | Kafka not ready (attempt 3/5); retrying...
2025-09-05 17:45:34 | WARNING | Kafka not ready (attempt 4/5); retrying...
2025-09-05 17:45:35 | WARNING | Kafka not ready (attempt 5/5); retrying...
2025-09-05 17:45:36 | ERROR | Kafka not reachable after retries.
2025-09-05 17:45:36 | ERROR | Kafka broker is not ready. Please check your Kafka setup. Exiting...
2025-09-05 17:45:36 | INFO | Logging to file: logs/project_log.log
2025-09-05 17:45:36 | INFO | Log sanitization enabled, personal info will be removed
2025-09-05 17:45:36 | INFO | START kafka_consumer_pokemon
2025-09-05 17:45:36 | INFO | [CONSUMER] Kafka topic: pokemon_battles
2025-09-05 17:45:36 | INFO | [CONSUMER] Group ID: pokemon_group
2025-09-05 17:45:36 | INFO | Kafka broker address: localhost:9092
2025-09-05 17:45:36 | INFO | Kafka API version override: (3, 5, 0)
2025-09-05 17:45:36 | INFO | Creating Kafka consumer. Topic='pokemon_battles' and group ID='pokemon_group'.
2025-09-05 17:45:36 | INFO | Kafka consumer created successfully.
2025-09-05 17:45:36 | INFO | [CONSUMER] Polling topic 'pokemon_battles'...
2025-09-05 17:46:10 | WARNING | Consumer interrupted by user.
2025-09-05 17:46:10 | INFO | END kafka_consumer_pokemon
2025-09-05 17:46:13 | INFO | Logging to file: logs/project_log.log
2025-09-05 17:46:13 | INFO | Log sanitization enabled, personal info will be removed
2025-09-05 17:46:13 | INFO | START kafka_producer_pokemon
2025-09-05 17:46:13 | INFO | Kafka broker address: localhost:9092
2025-09-05 17:46:13 | INFO | Kafka API version override: (3, 5, 0)
2025-09-05 17:46:13 | WARNING | Kafka not ready (attempt 1/5); retrying...
2025-09-05 17:46:14 | WARNING | Kafka not ready (attempt 2/5); retrying...
2025-09-05 17:46:15 | WARNING | Kafka not ready (attempt 3/5); retrying...
2025-09-05 17:46:16 | WARNING | Kafka not ready (attempt 4/5); retrying...
2025-09-05 17:46:17 | WARNING | Kafka not ready (attempt 5/5); retrying...
2025-09-05 17:46:18 | ERROR | Kafka not reachable after retries.
2025-09-05 17:46:18 | ERROR | Kafka broker is not ready. Please check your Kafka setup. Exiting...
2025-09-05 18:04:07 | INFO | Logging to file: logs/project_log.log
2025-09-05 18:04:07 | INFO | Log sanitization enabled, personal info will be removed
2025-09-05 18:04:08 | INFO | START kafka_producer_pokemon
2025-09-05 18:04:08 | INFO | Kafka broker address: 127.0.0.1:9092
2025-09-05 18:04:08 | INFO | Kafka API version override: (3, 5, 0)
2025-09-05 18:04:08 | WARNING | Kafka not ready (attempt 1/5); retrying...
2025-09-05 18:04:09 | WARNING | Kafka not ready (attempt 2/5); retrying...
2025-09-05 18:04:10 | WARNING | Kafka not ready (attempt 3/5); retrying...
2025-09-05 18:04:11 | WARNING | Kafka not ready (attempt 4/5); retrying...
2025-09-05 18:04:12 | WARNING | Kafka not ready (attempt 5/5); retrying...
2025-09-05 18:04:13 | ERROR | Kafka not reachable after retries.
2025-09-05 18:04:13 | ERROR | Kafka broker is not ready. Please check your Kafka setup. Exiting...
2025-09-05 18:04:22 | INFO | Logging to file: logs/project_log.log
2025-09-05 18:04:22 | INFO | Log sanitization enabled, personal info will be removed
2025-09-05 18:04:22 | INFO | START kafka_consumer_pokemon
2025-09-05 18:04:22 | INFO | [CONSUMER] Kafka topic: pokemon_battles
2025-09-05 18:04:22 | INFO | [CONSUMER] Group ID: pokemon_group
2025-09-05 18:04:22 | INFO | Kafka broker address: 127.0.0.1:9092
2025-09-05 18:04:22 | INFO | Kafka API version override: (3, 5, 0)
2025-09-05 18:04:22 | INFO | Creating Kafka consumer. Topic='pokemon_battles' and group ID='pokemon_group'.
2025-09-05 18:04:22 | INFO | Kafka consumer created successfully.
2025-09-05 18:04:22 | INFO | [CONSUMER] Polling topic 'pokemon_battles'...
2025-09-05 18:04:39 | WARNING | Consumer interrupted by user.
2025-09-05 18:04:39 | INFO | END kafka_consumer_pokemon
2025-09-05 18:17:39 | INFO | Logging to file: logs/project_log.log
2025-09-05 18:17:39 | INFO | Log sanitization enabled, personal info will be removed
2025-09-05 18:17:39 | INFO | START kafka_producer_pokemon
2025-09-05 18:17:39 | INFO | Kafka broker address: 127.0.0.1:9092
2025-09-05 18:17:39 | INFO | Kafka API version override: (3, 5, 0)
2025-09-05 18:17:41 | WARNING | Kafka not ready (attempt 1/5); retrying...
2025-09-05 18:17:44 | WARNING | Kafka not ready (attempt 2/5); retrying...
2025-09-05 18:17:47 | WARNING | Kafka not ready (attempt 3/5); retrying...
2025-09-05 18:17:50 | WARNING | Kafka not ready (attempt 4/5); retrying...
2025-09-05 18:17:53 | WARNING | Kafka not ready (attempt 5/5); retrying...
2025-09-05 18:17:54 | ERROR | Kafka not reachable after retries.
2025-09-05 18:17:54 | WARNING | Kafka broker is not ready. Proceeding anyway and letting producer attempts surface errors.
2025-09-05 18:17:54 | INFO | [PRODUCER] Kafka topic: pokemon_battles
2025-09-05 18:17:54 | INFO | [PRODUCER] Interval between events: 1.0 sec
2025-09-05 18:17:54 | WARNING | First cell of header in PROJECT_ROOT/data/pokemon_attack.csv is '﻿', expected '' or 'Move'
2025-09-05 18:17:54 | INFO | Loaded Pokémon data successfully.
2025-09-05 18:17:54 | INFO | Species: ['Bulbasaur', 'Charmander', 'Eevee', 'Gengar', 'Jigglypuff', 'Mewtwo', 'Pikachu', 'Snorlax', 'Squirtle']
2025-09-05 18:17:54 | INFO | Moves: ['Body Slam', 'Flamethrower', 'Hyper Beam', 'Mimic', 'Psychic', 'Quick Attack', 'Shadow Ball', 'Sing', 'Thunderbolt', 'Vine Whip', 'Water Gun']
2025-09-05 18:17:54 | INFO | Bulbasaur: HP=105, legal_moves=['Body Slam', 'Mimic', 'Psychic', 'Shadow Ball', 'Vine Whip']
2025-09-05 18:17:54 | INFO | Charmander: HP=99, legal_moves=['Body Slam', 'Flamethrower', 'Mimic', 'Psychic', 'Shadow Ball']
2025-09-05 18:17:54 | INFO | Eevee: HP=115, legal_moves=['Body Slam', 'Flamethrower', 'Hyper Beam', 'Mimic', 'Psychic', 'Quick Attack', 'Shadow Ball', 'Thunderbolt', 'Water Gun']
2025-09-05 18:17:54 | INFO | Gengar: HP=120, legal_moves=['Body Slam', 'Flamethrower', 'Hyper Beam', 'Mimic', 'Psychic', 'Shadow Ball', 'Thunderbolt']
2025-09-05 18:17:54 | INFO | Jigglypuff: HP=178, legal_moves=['Body Slam', 'Flamethrower', 'Hyper Beam', 'Mimic', 'Psychic', 'Shadow Ball', 'Sing', 'Thunderbolt', 'Water Gun']
2025-09-05 18:17:54 | INFO | Mewtwo: HP=166, legal_moves=['Body Slam', 'Flamethrower', 'Hyper Beam', 'Mimic', 'Psychic', 'Shadow Ball', 'Thunderbolt', 'Water Gun']
2025-09-05 18:17:54 | INFO | Pikachu: HP=95, legal_moves=['Body Slam', 'Hyper Beam', 'Mimic', 'Psychic', 'Quick Attack', 'Shadow Ball', 'Thunderbolt']
2025-09-05 18:17:54 | INFO | Snorlax: HP=220, legal_moves=['Body Slam', 'Flamethrower', 'Hyper Beam', 'Mimic', 'Psychic', 'Shadow Ball', 'Thunderbolt', 'Water Gun']
2025-09-05 18:17:54 | INFO | Squirtle: HP=104, legal_moves=['Body Slam', 'Mimic', 'Psychic', 'Shadow Ball', 'Water Gun']
2025-09-05 18:17:54 | INFO | Kafka broker address: 127.0.0.1:9092
2025-09-05 18:17:54 | INFO | Kafka API version override: (3, 5, 0)
2025-09-05 18:17:56 | WARNING | Admin topic management failed for 'pokemon_battles': NoBrokersAvailable. Falling back to auto-create...
2025-09-05 18:17:56 | INFO | Kafka broker address: 127.0.0.1:9092
2025-09-05 18:17:56 | INFO | Kafka API version override: (3, 5, 0)
2025-09-05 18:17:56 | INFO | Connecting to Kafka broker at 127.0.0.1:9092...
2025-09-05 18:17:56 | INFO | Kafka producer successfully created.
2025-09-05 18:17:56 | INFO | Auto-creating 'pokemon_battles' by sending a warm-up record...
2025-09-05 18:18:31 | INFO | Logging to file: logs/project_log.log
2025-09-05 18:18:31 | INFO | Log sanitization enabled, personal info will be removed
2025-09-05 18:18:31 | INFO | START kafka_consumer_pokemon
2025-09-05 18:18:31 | INFO | [CONSUMER] Kafka topic: pokemon_battles
2025-09-05 18:18:31 | INFO | [CONSUMER] Group ID: pokemon_group
2025-09-05 18:18:31 | INFO | Kafka broker address: 127.0.0.1:9092
2025-09-05 18:18:31 | INFO | Kafka API version override: (3, 5, 0)
2025-09-05 18:18:31 | INFO | Creating Kafka consumer. Topic='pokemon_battles' and group ID='pokemon_group'.
2025-09-05 18:18:31 | INFO | Kafka consumer created successfully.
2025-09-05 18:18:31 | INFO | [CONSUMER] Polling topic 'pokemon_battles'...
2025-09-05 18:18:56 | ERROR | Auto-create fallback failed for 'pokemon_battles': KafkaTimeoutError: Failed to update metadata after 60.0 secs.
2025-09-05 18:26:40 | INFO | Logging to file: logs/project_log.log
2025-09-05 18:26:40 | INFO | Log sanitization enabled, personal info will be removed
2025-09-05 18:26:40 | INFO | START kafka_producer_pokemon
2025-09-05 18:26:40 | INFO | Kafka broker address: localhost:9092
2025-09-05 18:26:40 | INFO | Kafka API version override: (3, 5, 0)
2025-09-05 18:26:40 | INFO | Kafka is ready (bootstrap_connected = True).
2025-09-05 18:26:40 | INFO | [PRODUCER] Kafka topic: pokemon_battles
2025-09-05 18:26:40 | INFO | [PRODUCER] Interval between events: 1.0 sec
2025-09-05 18:26:40 | WARNING | First cell of header in PROJECT_ROOT/data/pokemon_attack.csv is '﻿', expected '' or 'Move'
2025-09-05 18:26:40 | INFO | Loaded Pokémon data successfully.
2025-09-05 18:26:40 | INFO | Species: ['Bulbasaur', 'Charmander', 'Eevee', 'Gengar', 'Jigglypuff', 'Mewtwo', 'Pikachu', 'Snorlax', 'Squirtle']
2025-09-05 18:26:40 | INFO | Moves: ['Body Slam', 'Flamethrower', 'Hyper Beam', 'Mimic', 'Psychic', 'Quick Attack', 'Shadow Ball', 'Sing', 'Thunderbolt', 'Vine Whip', 'Water Gun']
2025-09-05 18:26:40 | INFO | Bulbasaur: HP=105, legal_moves=['Body Slam', 'Mimic', 'Psychic', 'Shadow Ball', 'Vine Whip']
2025-09-05 18:26:40 | INFO | Charmander: HP=99, legal_moves=['Body Slam', 'Flamethrower', 'Mimic', 'Psychic', 'Shadow Ball']
2025-09-05 18:26:40 | INFO | Eevee: HP=115, legal_moves=['Body Slam', 'Flamethrower', 'Hyper Beam', 'Mimic', 'Psychic', 'Quick Attack', 'Shadow Ball', 'Thunderbolt', 'Water Gun']
2025-09-05 18:26:40 | INFO | Gengar: HP=120, legal_moves=['Body Slam', 'Flamethrower', 'Hyper Beam', 'Mimic', 'Psychic', 'Shadow Ball', 'Thunderbolt']
2025-09-05 18:26:40 | INFO | Jigglypuff: HP=178, legal_moves=['Body Slam', 'Flamethrower', 'Hyper Beam', 'Mimic', 'Psychic', 'Shadow Ball', 'Sing', 'Thunderbolt', 'Water Gun']
2025-09-05 18:26:40 | INFO | Mewtwo: HP=166, legal_moves=['Body Slam', 'Flamethrower', 'Hyper Beam', 'Mimic', 'Psychic', 'Shadow Ball', 'Thunderbolt', 'Water Gun']
2025-09-05 18:26:40 | INFO | Pikachu: HP=95, legal_moves=['Body Slam', 'Hyper Beam', 'Mimic', 'Psychic', 'Quick Attack', 'Shadow Ball', 'Thunderbolt']
2025-09-05 18:26:40 | INFO | Snorlax: HP=220, legal_moves=['Body Slam', 'Flamethrower', 'Hyper Beam', 'Mimic', 'Psychic', 'Shadow Ball', 'Thunderbolt', 'Water Gun']
2025-09-05 18:26:40 | INFO | Squirtle: HP=104, legal_moves=['Body Slam', 'Mimic', 'Psychic', 'Shadow Ball', 'Water Gun']
2025-09-05 18:26:40 | INFO | Kafka broker address: localhost:9092
2025-09-05 18:26:40 | INFO | Kafka API version override: (3, 5, 0)
2025-09-05 18:26:40 | INFO | Topic 'pokemon_battles' already exists. Clearing it out...
2025-09-05 18:26:40 | INFO | Kafka broker address: localhost:9092
2025-09-05 18:26:40 | INFO | Kafka API version override: (3, 5, 0)
2025-09-05 18:26:40 | WARNING | Admin retention change failed for 'pokemon_battles': list indices must be integers or slices, not ConfigResource. Proceeding to drain without retention change.
2025-09-05 18:26:40 | INFO | Clearing topic 'pokemon_battles' by consuming all messages...
